<?xml version="1.0" encoding="UTF-8"?>
<testsuite name="com.bridgelabz.UserRegistrationTest" tests="7" skipped="0" failures="0" errors="0" timestamp="2021-08-02T19:26:20" hostname="DESKTOP-TK8JRTA" time="0.059">
  <properties/>
  <testcase name="givenLastName_Return_True()" classname="com.bridgelabz.UserRegistrationTest" time="0.036"/>
  <testcase name="givenFirstName_Return_False()" classname="com.bridgelabz.UserRegistrationTest" time="0.002"/>
  <testcase name="givenFirstName_Return_True()" classname="com.bridgelabz.UserRegistrationTest" time="0.004"/>
  <testcase name="givenEmail_StartsWithCapLetter_ReturnFalse()" classname="com.bridgelabz.UserRegistrationTest" time="0.002"/>
  <testcase name="givenEmail_EndsWithCom_ReturnTrue()" classname="com.bridgelabz.UserRegistrationTest" time="0.001"/>
  <testcase name="givenLastName_Return_False()" classname="com.bridgelabz.UserRegistrationTest" time="0.001"/>
  <testcase name="givenEmail_StartsWithSmallLetter_ReturnTrue()" classname="com.bridgelabz.UserRegistrationTest" time="0.002"/>
  <system-out><![CDATA[]]></system-out>
  <system-err><![CDATA[]]></system-err>
</testsuite>
