<?xml version="1.0" encoding="UTF-8"?>
<testsuite name="com.bridgelabz.UserRegistrationTest" tests="2" skipped="0" failures="0" errors="0" timestamp="2021-08-02T19:12:05" hostname="DESKTOP-TK8JRTA" time="0.038">
  <properties/>
  <testcase name="givenFirstName_Return_False()" classname="com.bridgelabz.UserRegistrationTest" time="0.036"/>
  <testcase name="givenFirstName_Return_True()" classname="com.bridgelabz.UserRegistrationTest" time="0.001"/>
  <system-out><![CDATA[]]></system-out>
  <system-err><![CDATA[]]></system-err>
</testsuite>
