<?xml version="1.0" encoding="UTF-8"?>
<testsuite name="com.bridgelabz.UserRegistrationTest" tests="10" skipped="0" failures="0" errors="0" timestamp="2021-08-02T19:35:16" hostname="DESKTOP-TK8JRTA" time="0.081">
  <properties/>
  <testcase name="givenPhoneNumber_StartWithCountryCode_ReturnTrue()" classname="com.bridgelabz.UserRegistrationTest" time="0.037"/>
  <testcase name="givenPhoneNumber_DoesNotHave10Numbers_ReturnFalse()" classname="com.bridgelabz.UserRegistrationTest" time="0.002"/>
  <testcase name="givenLastName_Return_True()" classname="com.bridgelabz.UserRegistrationTest" time="0.004"/>
  <testcase name="givenFirstName_Return_False()" classname="com.bridgelabz.UserRegistrationTest" time="0.005"/>
  <testcase name="givenFirstName_Return_True()" classname="com.bridgelabz.UserRegistrationTest" time="0.005"/>
  <testcase name="givenEmail_StartsWithCapLetter_ReturnFalse()" classname="com.bridgelabz.UserRegistrationTest" time="0.002"/>
  <testcase name="givenEmail_EndsWithCom_ReturnTrue()" classname="com.bridgelabz.UserRegistrationTest" time="0.003"/>
  <testcase name="givenPhoneNumber_DoesHave10Numbers_ReturnTrue()" classname="com.bridgelabz.UserRegistrationTest" time="0.002"/>
  <testcase name="givenLastName_Return_False()" classname="com.bridgelabz.UserRegistrationTest" time="0.002"/>
  <testcase name="givenEmail_StartsWithSmallLetter_ReturnTrue()" classname="com.bridgelabz.UserRegistrationTest" time="0.002"/>
  <system-out><![CDATA[]]></system-out>
  <system-err><![CDATA[]]></system-err>
</testsuite>
