<?xml version="1.0" encoding="UTF-8"?>
<testsuite name="com.bridgelabz.UserRegistrationTest" tests="1" skipped="0" failures="0" errors="0" timestamp="2021-08-02T19:20:35" hostname="DESKTOP-TK8JRTA" time="0.034">
  <properties/>
  <testcase name="givenLastName_Return_False()" classname="com.bridgelabz.UserRegistrationTest" time="0.034"/>
  <system-out><![CDATA[]]></system-out>
  <system-err><![CDATA[]]></system-err>
</testsuite>
